Collecting homeassistant
  Downloading homeassistant-0.52.0-py2.py3-none-any.whl (7.3MB)
Requirement already up-to-date: pip>=8.0.3 in /srv/homeassistant/lib/python3.5/site-packages (from homeassistant)
Requirement already up-to-date: requests==2.14.2 in /srv/homeassistant/lib/python3.5/site-packages (from homeassistant)
Requirement already up-to-date: aiohttp==2.2.5 in /srv/homeassistant/lib/python3.5/site-packages (from homeassistant)
Requirement already up-to-date: pytz>=2017.02 in /srv/homeassistant/lib/python3.5/site-packages (from homeassistant)
Requirement already up-to-date: voluptuous==0.10.5 in /srv/homeassistant/lib/python3.5/site-packages (from homeassistant)
Requirement already up-to-date: astral==1.4 in /srv/homeassistant/lib/python3.5/site-packages (from homeassistant)
Requirement already up-to-date: jinja2>=2.9.5 in /srv/homeassistant/lib/python3.5/site-packages (from homeassistant)
Requirement already up-to-date: async-timeout==1.2.1 in /srv/homeassistant/lib/python3.5/site-packages (from homeassistant)
Requirement already up-to-date: chardet==3.0.4 in /srv/homeassistant/lib/python3.5/site-packages (from homeassistant)
Requirement already up-to-date: pyyaml<4,>=3.11 in /srv/homeassistant/lib/python3.5/site-packages (from homeassistant)
Requirement already up-to-date: typing<4,>=3 in /srv/homeassistant/lib/python3.5/site-packages (from homeassistant)
Requirement already up-to-date: yarl>=0.11 in /srv/homeassistant/lib/python3.5/site-packages (from aiohttp==2.2.5->homeassistant)
Requirement already up-to-date: multidict>=2.1.4 in /srv/homeassistant/lib/python3.5/site-packages (from aiohttp==2.2.5->homeassistant)
Requirement already up-to-date: MarkupSafe>=0.23 in /srv/homeassistant/lib/python3.5/site-packages (from jinja2>=2.9.5->homeassistant)
Installing collected packages: homeassistant
  Found existing installation: homeassistant 0.51.2
    Uninstalling homeassistant-0.51.2:
      Successfully uninstalled homeassistant-0.51.2
Successfully installed homeassistant-0.52.0
Collecting homeassistant
  Downloading homeassistant-0.52.1-py2.py3-none-any.whl (7.3MB)
Requirement already up-to-date: chardet==3.0.4 in /srv/homeassistant/lib/python3.5/site-packages (from homeassistant)
Requirement already up-to-date: typing<4,>=3 in /srv/homeassistant/lib/python3.5/site-packages (from homeassistant)
Requirement already up-to-date: pytz>=2017.02 in /srv/homeassistant/lib/python3.5/site-packages (from homeassistant)
Requirement already up-to-date: pip>=8.0.3 in /srv/homeassistant/lib/python3.5/site-packages (from homeassistant)
Requirement already up-to-date: voluptuous==0.10.5 in /srv/homeassistant/lib/python3.5/site-packages (from homeassistant)
Requirement already up-to-date: jinja2>=2.9.5 in /srv/homeassistant/lib/python3.5/site-packages (from homeassistant)
Requirement already up-to-date: requests==2.14.2 in /srv/homeassistant/lib/python3.5/site-packages (from homeassistant)
Requirement already up-to-date: async-timeout==1.2.1 in /srv/homeassistant/lib/python3.5/site-packages (from homeassistant)
Requirement already up-to-date: pyyaml<4,>=3.11 in /srv/homeassistant/lib/python3.5/site-packages (from homeassistant)
Requirement already up-to-date: astral==1.4 in /srv/homeassistant/lib/python3.5/site-packages (from homeassistant)
Requirement already up-to-date: aiohttp==2.2.5 in /srv/homeassistant/lib/python3.5/site-packages (from homeassistant)
Requirement already up-to-date: MarkupSafe>=0.23 in /srv/homeassistant/lib/python3.5/site-packages (from jinja2>=2.9.5->homeassistant)
Requirement already up-to-date: multidict>=2.1.4 in /srv/homeassistant/lib/python3.5/site-packages (from aiohttp==2.2.5->homeassistant)
Requirement already up-to-date: yarl>=0.11 in /srv/homeassistant/lib/python3.5/site-packages (from aiohttp==2.2.5->homeassistant)
Installing collected packages: homeassistant
  Found existing installation: homeassistant 0.52.0
    Uninstalling homeassistant-0.52.0:
      Successfully uninstalled homeassistant-0.52.0
Successfully installed homeassistant-0.52.1
Collecting homeassistant
  Downloading homeassistant-0.53.1-py2.py3-none-any.whl (7.4MB)
Requirement already up-to-date: chardet==3.0.4 in /srv/homeassistant/lib/python3.5/site-packages (from homeassistant)
Requirement already up-to-date: requests==2.14.2 in /srv/homeassistant/lib/python3.5/site-packages (from homeassistant)
Requirement already up-to-date: pip>=8.0.3 in /srv/homeassistant/lib/python3.5/site-packages (from homeassistant)
Requirement already up-to-date: pyyaml<4,>=3.11 in /srv/homeassistant/lib/python3.5/site-packages (from homeassistant)
Requirement already up-to-date: pytz>=2017.02 in /srv/homeassistant/lib/python3.5/site-packages (from homeassistant)
Requirement already up-to-date: voluptuous==0.10.5 in /srv/homeassistant/lib/python3.5/site-packages (from homeassistant)
Requirement already up-to-date: astral==1.4 in /srv/homeassistant/lib/python3.5/site-packages (from homeassistant)
Requirement already up-to-date: typing<4,>=3 in /srv/homeassistant/lib/python3.5/site-packages (from homeassistant)
Requirement already up-to-date: aiohttp==2.2.5 in /srv/homeassistant/lib/python3.5/site-packages (from homeassistant)
Requirement already up-to-date: jinja2>=2.9.6 in /srv/homeassistant/lib/python3.5/site-packages (from homeassistant)
Requirement already up-to-date: async-timeout==1.3.0 in /srv/homeassistant/lib/python3.5/site-packages (from homeassistant)
Requirement already up-to-date: yarl>=0.11 in /srv/homeassistant/lib/python3.5/site-packages (from aiohttp==2.2.5->homeassistant)
Requirement already up-to-date: multidict>=2.1.4 in /srv/homeassistant/lib/python3.5/site-packages (from aiohttp==2.2.5->homeassistant)
Requirement already up-to-date: MarkupSafe>=0.23 in /srv/homeassistant/lib/python3.5/site-packages (from jinja2>=2.9.6->homeassistant)
Installing collected packages: homeassistant
  Found existing installation: homeassistant 0.53.0
    Uninstalling homeassistant-0.53.0:
      Successfully uninstalled homeassistant-0.53.0
Successfully installed homeassistant-0.53.1
Collecting homeassistant
  Downloading homeassistant-0.54.0-py2.py3-none-any.whl (7.5MB)
Collecting async-timeout==1.4.0 (from homeassistant)
  Downloading async_timeout-1.4.0-py3-none-any.whl
Requirement already up-to-date: typing<4,>=3 in /srv/homeassistant/lib/python3.5/site-packages (from homeassistant)
Requirement already up-to-date: aiohttp==2.2.5 in /srv/homeassistant/lib/python3.5/site-packages (from homeassistant)
Requirement already up-to-date: astral==1.4 in /srv/homeassistant/lib/python3.5/site-packages (from homeassistant)
Requirement already up-to-date: chardet==3.0.4 in /srv/homeassistant/lib/python3.5/site-packages (from homeassistant)
Requirement already up-to-date: jinja2>=2.9.6 in /srv/homeassistant/lib/python3.5/site-packages (from homeassistant)
Requirement already up-to-date: requests==2.14.2 in /srv/homeassistant/lib/python3.5/site-packages (from homeassistant)
Requirement already up-to-date: pip>=8.0.3 in /srv/homeassistant/lib/python3.5/site-packages (from homeassistant)
Requirement already up-to-date: voluptuous==0.10.5 in /srv/homeassistant/lib/python3.5/site-packages (from homeassistant)
Requirement already up-to-date: pytz>=2017.02 in /srv/homeassistant/lib/python3.5/site-packages (from homeassistant)
Requirement already up-to-date: pyyaml<4,>=3.11 in /srv/homeassistant/lib/python3.5/site-packages (from homeassistant)
Requirement already up-to-date: yarl>=0.11 in /srv/homeassistant/lib/python3.5/site-packages (from aiohttp==2.2.5->homeassistant)
Collecting multidict>=2.1.4 (from aiohttp==2.2.5->homeassistant)
  Downloading multidict-3.2.0-cp35-cp35m-manylinux1_x86_64.whl (429kB)
Requirement already up-to-date: MarkupSafe>=0.23 in /srv/homeassistant/lib/python3.5/site-packages (from jinja2>=2.9.6->homeassistant)
Installing collected packages: async-timeout, homeassistant, multidict
  Found existing installation: async-timeout 1.3.0
    Uninstalling async-timeout-1.3.0:
      Successfully uninstalled async-timeout-1.3.0
  Found existing installation: homeassistant 0.53.1
    Uninstalling homeassistant-0.53.1:
      Successfully uninstalled homeassistant-0.53.1
  Found existing installation: multidict 3.1.3
    Uninstalling multidict-3.1.3:
      Successfully uninstalled multidict-3.1.3
Successfully installed async-timeout-1.4.0 homeassistant-0.54.0 multidict-3.2.0
