Collecting homeassistant
  Downloading homeassistant-0.53.0-py2.py3-none-any.whl (7.4MB)
Requirement already up-to-date: voluptuous==0.10.5 in /srv/homeassistant/lib/python3.5/site-packages (from homeassistant)
Requirement already up-to-date: typing<4,>=3 in /srv/homeassistant/lib/python3.5/site-packages (from homeassistant)
Requirement already up-to-date: pytz>=2017.02 in /srv/homeassistant/lib/python3.5/site-packages (from homeassistant)
Requirement already up-to-date: jinja2>=2.9.6 in /srv/homeassistant/lib/python3.5/site-packages (from homeassistant)
Requirement already up-to-date: requests==2.14.2 in /srv/homeassistant/lib/python3.5/site-packages (from homeassistant)
Requirement already up-to-date: chardet==3.0.4 in /srv/homeassistant/lib/python3.5/site-packages (from homeassistant)
Requirement already up-to-date: astral==1.4 in /srv/homeassistant/lib/python3.5/site-packages (from homeassistant)
Collecting async-timeout==1.3.0 (from homeassistant)
  Downloading async_timeout-1.3.0-py3-none-any.whl
Requirement already up-to-date: pip>=8.0.3 in /srv/homeassistant/lib/python3.5/site-packages (from homeassistant)
Requirement already up-to-date: pyyaml<4,>=3.11 in /srv/homeassistant/lib/python3.5/site-packages (from homeassistant)
Requirement already up-to-date: aiohttp==2.2.5 in /srv/homeassistant/lib/python3.5/site-packages (from homeassistant)
Requirement already up-to-date: MarkupSafe>=0.23 in /srv/homeassistant/lib/python3.5/site-packages (from jinja2>=2.9.6->homeassistant)
Requirement already up-to-date: multidict>=2.1.4 in /srv/homeassistant/lib/python3.5/site-packages (from aiohttp==2.2.5->homeassistant)
Requirement already up-to-date: yarl>=0.11 in /srv/homeassistant/lib/python3.5/site-packages (from aiohttp==2.2.5->homeassistant)
Installing collected packages: async-timeout, homeassistant
  Found existing installation: async-timeout 1.2.1
    Uninstalling async-timeout-1.2.1:
      Successfully uninstalled async-timeout-1.2.1
  Found existing installation: homeassistant 0.52.1
    Uninstalling homeassistant-0.52.1:
      Successfully uninstalled homeassistant-0.52.1
Successfully installed async-timeout-1.3.0 homeassistant-0.53.0
Collecting homeassistant
  Downloading homeassistant-0.57.2-py2.py3-none-any.whl (7.5MB)
Collecting requests==2.18.4 (from homeassistant)
  Downloading requests-2.18.4-py2.py3-none-any.whl (88kB)
Requirement already up-to-date: voluptuous==0.10.5 in /srv/homeassistant/lib/python3.5/site-packages (from homeassistant)
Requirement already up-to-date: typing<4,>=3 in /srv/homeassistant/lib/python3.5/site-packages (from homeassistant)
Collecting certifi>=2017.4.17 (from homeassistant)
  Downloading certifi-2017.11.5-py2.py3-none-any.whl (330kB)
Requirement already up-to-date: async-timeout==2.0.0 in /srv/homeassistant/lib/python3.5/site-packages (from homeassistant)
Collecting pytz>=2017.02 (from homeassistant)
  Downloading pytz-2017.3-py2.py3-none-any.whl (511kB)
Requirement already up-to-date: aiohttp==2.2.5 in /srv/homeassistant/lib/python3.5/site-packages (from homeassistant)
Requirement already up-to-date: astral==1.4 in /srv/homeassistant/lib/python3.5/site-packages (from homeassistant)
Requirement already up-to-date: pyyaml<4,>=3.11 in /srv/homeassistant/lib/python3.5/site-packages (from homeassistant)
Requirement already up-to-date: pip>=8.0.3 in /srv/homeassistant/lib/python3.5/site-packages (from homeassistant)
Requirement already up-to-date: chardet==3.0.4 in /srv/homeassistant/lib/python3.5/site-packages (from homeassistant)
Requirement already up-to-date: jinja2>=2.9.6 in /srv/homeassistant/lib/python3.5/site-packages (from homeassistant)
Collecting idna<2.7,>=2.5 (from requests==2.18.4->homeassistant)
  Downloading idna-2.6-py2.py3-none-any.whl (56kB)
Collecting urllib3<1.23,>=1.21.1 (from requests==2.18.4->homeassistant)
  Downloading urllib3-1.22-py2.py3-none-any.whl (132kB)
Collecting multidict>=2.1.4 (from aiohttp==2.2.5->homeassistant)
  Downloading multidict-3.3.2-cp35-cp35m-manylinux1_x86_64.whl (441kB)
Requirement already up-to-date: yarl>=0.11 in /srv/homeassistant/lib/python3.5/site-packages (from aiohttp==2.2.5->homeassistant)
Requirement already up-to-date: MarkupSafe>=0.23 in /srv/homeassistant/lib/python3.5/site-packages (from jinja2>=2.9.6->homeassistant)
Installing collected packages: idna, urllib3, certifi, requests, pytz, homeassistant, multidict
  Found existing installation: certifi 2017.7.27.1
    Uninstalling certifi-2017.7.27.1:
      Successfully uninstalled certifi-2017.7.27.1
  Found existing installation: requests 2.14.2
    Uninstalling requests-2.14.2:
      Successfully uninstalled requests-2.14.2
  Found existing installation: pytz 2017.2
    Uninstalling pytz-2017.2:
      Successfully uninstalled pytz-2017.2
  Found existing installation: homeassistant 0.56.2
    Uninstalling homeassistant-0.56.2:
      Successfully uninstalled homeassistant-0.56.2
  Found existing installation: multidict 3.3.0
    Uninstalling multidict-3.3.0:
      Successfully uninstalled multidict-3.3.0
Successfully installed certifi-2017.11.5 homeassistant-0.57.2 idna-2.6 multidict-3.3.2 pytz-2017.3 requests-2.18.4 urllib3-1.22
Collecting homeassistant
  Downloading homeassistant-0.63.2-py2.py3-none-any.whl (7.7MB)
Requirement already up-to-date: pip>=8.0.3 in /srv/homeassistant/lib/python3.5/site-packages (from homeassistant)
Requirement already up-to-date: aiohttp==2.3.10 in /srv/homeassistant/lib/python3.5/site-packages (from homeassistant)
Requirement already up-to-date: chardet==3.0.4 in /srv/homeassistant/lib/python3.5/site-packages (from homeassistant)
Requirement already up-to-date: astral==1.5 in /srv/homeassistant/lib/python3.5/site-packages (from homeassistant)
Requirement already up-to-date: requests==2.18.4 in /srv/homeassistant/lib/python3.5/site-packages (from homeassistant)
Requirement already up-to-date: voluptuous==0.10.5 in /srv/homeassistant/lib/python3.5/site-packages (from homeassistant)
Requirement already up-to-date: jinja2>=2.10 in /srv/homeassistant/lib/python3.5/site-packages (from homeassistant)
Requirement already up-to-date: async-timeout==2.0.0 in /srv/homeassistant/lib/python3.5/site-packages (from homeassistant)
Requirement already up-to-date: attrs==17.4.0 in /srv/homeassistant/lib/python3.5/site-packages (from homeassistant)
Requirement already up-to-date: typing<4,>=3 in /srv/homeassistant/lib/python3.5/site-packages (from homeassistant)
Requirement already up-to-date: pyyaml<4,>=3.11 in /srv/homeassistant/lib/python3.5/site-packages (from homeassistant)
Requirement already up-to-date: pytz>=2017.02 in /srv/homeassistant/lib/python3.5/site-packages (from homeassistant)
Requirement already up-to-date: yarl==1.1.0 in /srv/homeassistant/lib/python3.5/site-packages (from homeassistant)
Requirement already up-to-date: certifi>=2017.4.17 in /srv/homeassistant/lib/python3.5/site-packages (from homeassistant)
Requirement already up-to-date: idna-ssl>=1.0.0 in /srv/homeassistant/lib/python3.5/site-packages (from aiohttp==2.3.10->homeassistant)
Requirement already up-to-date: multidict>=4.0.0 in /srv/homeassistant/lib/python3.5/site-packages (from aiohttp==2.3.10->homeassistant)
Requirement already up-to-date: urllib3<1.23,>=1.21.1 in /srv/homeassistant/lib/python3.5/site-packages (from requests==2.18.4->homeassistant)
Requirement already up-to-date: idna<2.7,>=2.5 in /srv/homeassistant/lib/python3.5/site-packages (from requests==2.18.4->homeassistant)
Requirement already up-to-date: MarkupSafe>=0.23 in /srv/homeassistant/lib/python3.5/site-packages (from jinja2>=2.10->homeassistant)
Installing collected packages: homeassistant
  Found existing installation: homeassistant 0.63.1
    Uninstalling homeassistant-0.63.1:
      Successfully uninstalled homeassistant-0.63.1
Successfully installed homeassistant-0.63.2
Collecting homeassistant
  Downloading homeassistant-0.65.3-py2.py3-none-any.whl (7.8MB)
homeassistant requires Python '>=3.5.3' but the running Python is 3.5.2
